<?xml version="1.0" encoding="UTF-8"?>
<!-- Generated by org.testng.reporters.JUnitReportReporter -->
<testsuite skipped="1" hostname="DPSCHOIDT073" name="com.cucumber.runner.TestRunner" tests="1" failures="0" timestamp="12 Nov 2019 12:40:12 GMT" time="13.275" errors="0">
  <testcase name="runScenario" time="13.275" classname="com.cucumber.runner.TestRunner">
    <skipped/>
  </testcase> <!-- runScenario -->
</testsuite> <!-- com.cucumber.runner.TestRunner -->
